<?xml version="1.0" encoding="UTF-8"?>
<!-- Generated by org.testng.reporters.JUnitXMLReporter -->
<testsuite hostname="SUMANTHBVS" name="Test Cases" tests="5" failures="0" timestamp="6 Jun 2016 20:56:21 GMT" time="3.815" errors="0">
  <testcase name="TestPost" time="1.24" classname="Selenium.PostTestCase"/>
  <testcase name="TestPost" time="1.201" classname="Selenium.PostTestCase"/>
  <testcase name="TestGet" time="0.195" classname="Assessment.TestCase"/>
  <testcase name="TestHeaders" time="0.088" classname="Assessment.TestCase"/>
  <testcase name="TestPost" time="0.096" classname="Assessment.TestCase"/>
</testsuite> <!-- Test Cases -->
